Matched Pattern: powered-by" class="block block-system">

Matched Pattern: Powered by <a href="http://drupal.org">Drupal</a> and coffeeeee!</span>  </div>

Identified Architecture: 64-bit

Identified HTTP Server: Microsoft-IIS/8.5

Matched Pattern: powered-by" class="block block-system">

Matched Pattern: Powered by <a href="http://drupal.org">Drupal</a> and coffeeeee!</span>  </div>

Matched Pattern: powered-by" class="block block-system">

Matched Pattern: Powered by <a href="http://drupal.org">Drupal</a> and coffeeeee!</span>  </div>

Identified Architecture: 64-bit

Identified HTTP Server: Microsoft-IIS/8.5

Nmap script found a potential vulnerability. (State: VULNERABLE)

CVE Identified: CVE-2011-3192

CVE Identified: CVE-2011-3192

Matched Pattern: powered-by" class="block block-system">

Matched Pattern: Powered by <a href="http://drupal.org">Drupal</a> and coffeeeee!</span>  </div>

Identified Architecture: 64-bit

Identified HTTP Server: Microsoft-IIS/8.5

Nmap script found a potential vulnerability. (State: VULNERABLE)

CVE Identified: CVE-2011-3192

CVE Identified: CVE-2011-3192

